<?xml version="1.0" encoding="UTF-8" ?>
<testsuite tests="15" failures="0" name="com.cucumber.automation.bdt.cucumberOptions.RunCukeTest" time="0.042" errors="0" skipped="0">
  <properties>
    <property name="java.runtime.name" value="Java(TM) SE Runtime Environment"/>
    <property name="cucumber.options" value="--tags @testme"/>
    <property name="sun.boot.library.path" value="C:\Java\jdk1.8\jre\bin"/>
    <property name="java.vm.version" value="25.73-b02"/>
    <property name="java.vm.vendor" value="Oracle Corporation"/>
    <property name="maven.multiModuleProjectDirectory" value="C:\Workspace\CucumberUIAutomationTest"/>
    <property name="java.vendor.url" value="http://java.oracle.com/"/>
    <property name="path.separator" value=";"/>
    <property name="guice.disable.misplaced.annotation.check" value="true"/>
    <property name="java.vm.name" value="Java HotSpot(TM) 64-Bit Server VM"/>
    <property name="file.encoding.pkg" value="sun.io"/>
    <property name="user.script" value=""/>
    <property name="user.country" value="AU"/>
    <property name="sun.java.launcher" value="SUN_STANDARD"/>
    <property name="sun.os.patch.level" value=""/>
    <property name="java.vm.specification.name" value="Java Virtual Machine Specification"/>
    <property name="user.dir" value="C:\Workspace\CucumberUIAutomationTest"/>
    <property name="java.runtime.version" value="1.8.0_73-b02"/>
    <property name="java.awt.graphicsenv" value="sun.awt.Win32GraphicsEnvironment"/>
    <property name="java.endorsed.dirs" value="C:\Java\jdk1.8\jre\lib\endorsed"/>
    <property name="os.arch" value="amd64"/>
    <property name="java.io.tmpdir" value="C:\Users\ADMINI~1\AppData\Local\Temp\1\"/>
    <property name="line.separator" value="
"/>
    <property name="java.vm.specification.vendor" value="Oracle Corporation"/>
    <property name="user.variant" value=""/>
    <property name="os.name" value="Windows Server 2012 R2"/>
    <property name="classworlds.conf" value="C:\Automation\Tools\Maven\apache-maven-3.2.5\bin\..\bin\m2.conf"/>
    <property name="sun.jnu.encoding" value="Cp1252"/>
    <property name="java.library.path" value="C:\Java\jdk1.8\bin;C:\Windows\Sun\Java\bin;C:\Windows\system32;C:\Windows;C:\Ruby23-x64\bin;C:\Program Files (x86)\PHP\v5.4;C:\ProgramData\Oracle\Java\javapath;C:\Windows\system32;C:\Windows;C:\Windows\System32\Wbem;C:\Windows\System32\WindowsPowerShell\v1.0\;C:\Java\jdk1.8\bin;C:\Java\jdk1.8\jre;C:\myStuff\sbt\bin;C:\Java\akka-2.4.1\bin;C:\Git\cmd;C:\Tools\JMeter\bin;\bin;C:\Automation\Tools\Maven\apache-maven-3.2.5\bin;C:\Program Files\MySQL\MySQL Server 5.1\bin;C:\Program Files (x86)\Windows Kits\8.1\Windows Performance Toolkit\;C:\Program Files\Microsoft SQL Server\110\Tools\Binn\;C:\Program Files (x86)\Microsoft SDKs\TypeScript\1.0\;C:\Program Files\Microsoft SQL Server\120\Tools\Binn\;C:\Tools\sbt\bin;C:\Ruby23-x64\bin\;C:\Android\sdk\platform-tools;C:\Android\sdk\tools;C:\Appium\node_modules\appium\bin;C:\Java;C:\MongoDB\3.2\bin;C:\myStuff\;C:\myStuff\ansi166\x64\;C:\Selenium\Drivers\;;."/>
    <property name="java.specification.name" value="Java Platform API Specification"/>
    <property name="java.class.version" value="52.0"/>
    <property name="sun.management.compiler" value="HotSpot 64-Bit Tiered Compilers"/>
    <property name="os.version" value="6.3"/>
    <property name="user.home" value="C:\Users\Administrator"/>
    <property name="user.timezone" value="Australia/Sydney"/>
    <property name="java.awt.printerjob" value="sun.awt.windows.WPrinterJob"/>
    <property name="java.specification.version" value="1.8"/>
    <property name="file.encoding" value="Cp1252"/>
    <property name="user.name" value="Administrator"/>
    <property name="java.class.path" value="C:\Automation\Tools\Maven\apache-maven-3.2.5\bin\..\boot\plexus-classworlds-2.5.2.jar"/>
    <property name="java.vm.specification.version" value="1.8"/>
    <property name="sun.arch.data.model" value="64"/>
    <property name="java.home" value="C:\Java\jdk1.8\jre"/>
    <property name="sun.java.command" value="org.codehaus.plexus.classworlds.launcher.Launcher test -Dcucumber.options=--tags @testme"/>
    <property name="java.specification.vendor" value="Oracle Corporation"/>
    <property name="user.language" value="en"/>
    <property name="awt.toolkit" value="sun.awt.windows.WToolkit"/>
    <property name="java.vm.info" value="mixed mode"/>
    <property name="java.version" value="1.8.0_73"/>
    <property name="java.ext.dirs" value="C:\Java\jdk1.8\jre\lib\ext;C:\Windows\Sun\Java\lib\ext"/>
    <property name="sun.boot.class.path" value="C:\Java\jdk1.8\jre\lib\resources.jar;C:\Java\jdk1.8\jre\lib\rt.jar;C:\Java\jdk1.8\jre\lib\sunrsasign.jar;C:\Java\jdk1.8\jre\lib\jsse.jar;C:\Java\jdk1.8\jre\lib\jce.jar;C:\Java\jdk1.8\jre\lib\charsets.jar;C:\Java\jdk1.8\jre\lib\jfr.jar;C:\Java\jdk1.8\jre\classes"/>
    <property name="sun.stderr.encoding" value="cp850"/>
    <property name="java.vendor" value="Oracle Corporation"/>
    <property name="maven.home" value="C:\Automation\Tools\Maven\apache-maven-3.2.5\bin\.."/>
    <property name="file.separator" value="\"/>
    <property name="java.vendor.url.bug" value="http://bugreport.sun.com/bugreport/"/>
    <property name="sun.cpu.endian" value="little"/>
    <property name="sun.io.unicode.encoding" value="UnicodeLittle"/>
    <property name="sun.stdout.encoding" value="cp850"/>
    <property name="sun.desktop" value="windows"/>
    <property name="sun.cpu.isalist" value="amd64"/>
  </properties>
  <testcase classname="Scenario: Go to Login Page" name="Given test environment is ready" time="0.011"/>
  <testcase classname="Scenario: Go to Login Page" name="Given user is on TAB home page" time="0.001"/>
  <testcase classname="Scenario: Go to Login Page" name="When user clicks on Login button" time="0"/>
  <testcase classname="Scenario: Go to Login Page" name="Then user is displayed login screen" time="0"/>
  <testcase classname="Scenario: Go to Login Page" name="Scenario: Go to Login Page" time="0.012"/>
  <testcase classname="Scenario: Go to Login Page" name="Given test environment is ready" time="0"/>
  <testcase classname="Scenario: Go to Login Page" name="Given user is on TAB home page" time="0"/>
  <testcase classname="Scenario: Go to Login Page" name="When user clicks on Login button" time="0"/>
  <testcase classname="Scenario: Go to Login Page" name="Then user is displayed login screen" time="0"/>
  <testcase classname="Scenario: Go to Login Page" name="Scenario: Go to Login Page" time="0.009"/>
  <testcase classname="Scenario: Go to Login Page" name="Given test environment is ready" time="0"/>
  <testcase classname="Scenario: Go to Login Page" name="Given user is on TAB home page" time="0"/>
  <testcase classname="Scenario: Go to Login Page" name="When user clicks on Login button" time="0"/>
  <testcase classname="Scenario: Go to Login Page" name="Then user is displayed login screen" time="0"/>
  <testcase classname="Scenario: Go to Login Page" name="Scenario: Go to Login Page" time="0.009"/>
</testsuite>